Collecting pip
  Using cached https://files.pythonhosted.org/packages/cd/82/04e9aaf603fdbaecb4323b9e723f13c92c245f6ab2902195c53987848c78/pip-21.1.2-py3-none-any.whl
Installing collected packages: pip
  Found existing installation: pip 19.2.3
    Uninstalling pip-19.2.3:
      Successfully uninstalled pip-19.2.3
Successfully installed pip-21.1.2
Collecting atomicwrites
  Downloading atomicwrites-1.4.0-py2.py3-none-any.whl (6.8 kB)
Collecting attrs
  Using cached attrs-21.2.0-py2.py3-none-any.whl (53 kB)
Collecting Django
  Using cached Django-3.2.4-py3-none-any.whl (7.9 MB)
Collecting gevent
  Downloading gevent-21.1.2-cp38-cp38-macosx_10_14_x86_64.whl (1.8 MB)
Collecting greenlet
  Downloading greenlet-1.1.0-cp38-cp38-macosx_10_14_x86_64.whl (87 kB)
Collecting gunicorn
  Using cached gunicorn-20.1.0-py3-none-any.whl (79 kB)
Collecting importlib-metadata
  Downloading importlib_metadata-4.5.0-py3-none-any.whl (17 kB)
Collecting more-itertools
  Downloading more_itertools-8.8.0-py3-none-any.whl (48 kB)
Collecting packaging
  Downloading packaging-20.9-py2.py3-none-any.whl (40 kB)
Collecting pluggy
  Downloading pluggy-0.13.1-py2.py3-none-any.whl (18 kB)
Collecting py
  Downloading py-1.10.0-py2.py3-none-any.whl (97 kB)
Collecting pyparsing
  Downloading pyparsing-2.4.7-py2.py3-none-any.whl (67 kB)
Collecting pytest
  Downloading pytest-6.2.4-py3-none-any.whl (280 kB)
Collecting pytz
  Using cached pytz-2021.1-py2.py3-none-any.whl (510 kB)
Collecting six
  Using cached six-1.16.0-py2.py3-none-any.whl (11 kB)
Collecting sqlparse
  Using cached sqlparse-0.4.1-py3-none-any.whl (42 kB)
Collecting wcwidth
  Downloading wcwidth-0.2.5-py2.py3-none-any.whl (30 kB)
Collecting zipp
  Downloading zipp-3.4.1-py3-none-any.whl (5.2 kB)
Collecting django-bootstrap3
  Using cached django_bootstrap3-15.0.0-py3-none-any.whl (213 kB)
Collecting Pillow
  Using cached Pillow-8.2.0-cp38-cp38-macosx_10_10_x86_64.whl (2.8 MB)
Collecting autopep8
  Using cached autopep8-1.5.7-py2.py3-none-any.whl (45 kB)
Collecting asgiref<4,>=3.3.2
  Using cached asgiref-3.3.4-py3-none-any.whl (22 kB)
Collecting zope.event
  Downloading zope.event-4.5.0-py2.py3-none-any.whl (6.8 kB)
Collecting setuptools
  Using cached setuptools-57.0.0-py3-none-any.whl (821 kB)
Collecting zope.interface
  Using cached zope.interface-5.4.0-cp38-cp38-macosx_10_14_x86_64.whl (208 kB)
Collecting iniconfig
  Downloading iniconfig-1.1.1-py2.py3-none-any.whl (5.0 kB)
Collecting toml
  Using cached toml-0.10.2-py2.py3-none-any.whl (16 kB)
Collecting pycodestyle>=2.7.0
  Using cached pycodestyle-2.7.0-py2.py3-none-any.whl (41 kB)
Installing collected packages: sqlparse, setuptools, pytz, pyparsing, asgiref, zope.interface, zope.event, zipp, toml, pycodestyle, py, pluggy, packaging, iniconfig, greenlet, Django, attrs, wcwidth, six, pytest, Pillow, more-itertools, importlib-metadata, gunicorn, gevent, django-bootstrap3, autopep8, atomicwrites
  Attempting uninstall: setuptools
    Found existing installation: setuptools 41.2.0
    Uninstalling setuptools-41.2.0:
      Successfully uninstalled setuptools-41.2.0
Successfully installed Django-3.2.4 Pillow-8.2.0 asgiref-3.3.4 atomicwrites-1.4.0 attrs-21.2.0 autopep8-1.5.7 django-bootstrap3-15.0.0 gevent-21.1.2 greenlet-1.1.0 gunicorn-20.1.0 importlib-metadata-4.5.0 iniconfig-1.1.1 more-itertools-8.8.0 packaging-20.9 pluggy-0.13.1 py-1.10.0 pycodestyle-2.7.0 pyparsing-2.4.7 pytest-6.2.4 pytz-2021.1 setuptools-57.0.0 six-1.16.0 sqlparse-0.4.1 toml-0.10.2 wcwidth-0.2.5 zipp-3.4.1 zope.event-4.5.0 zope.interface-5.4.0
