Collecting pip
  Using cached https://files.pythonhosted.org/packages/cd/82/04e9aaf603fdbaecb4323b9e723f13c92c245f6ab2902195c53987848c78/pip-21.1.2-py3-none-any.whl
Installing collected packages: pip
  Found existing installation: pip 19.2.3
    Uninstalling pip-19.2.3:
      Successfully uninstalled pip-19.2.3
Successfully installed pip-21.1.2
Collecting asgi-redis==1.4.3
  Downloading asgi_redis-1.4.3-py2.py3-none-any.whl (20 kB)
Collecting asgiref==1.1.2
  Downloading asgiref-1.1.2-py2.py3-none-any.whl (12 kB)
Collecting astroid==2.5.6
  Downloading astroid-2.5.6-py3-none-any.whl (219 kB)
Collecting attrs==21.2.0
  Downloading attrs-21.2.0-py2.py3-none-any.whl (53 kB)
Collecting autobahn==21.3.1
  Downloading autobahn-21.3.1-py2.py3-none-any.whl (495 kB)
Collecting Automat==20.2.0
  Downloading Automat-20.2.0-py2.py3-none-any.whl (31 kB)
Collecting autopep8==1.5.7
  Downloading autopep8-1.5.7-py2.py3-none-any.whl (45 kB)
Collecting beautifulsoup4==4.9.3
  Using cached beautifulsoup4-4.9.3-py3-none-any.whl (115 kB)
Collecting bs4==0.0.1
  Using cached bs4-0.0.1.tar.gz (1.1 kB)
Collecting certifi==2020.12.5
  Downloading certifi-2020.12.5-py2.py3-none-any.whl (147 kB)
Collecting cffi==1.14.5
  Downloading cffi-1.14.5-cp38-cp38-macosx_10_9_x86_64.whl (176 kB)
Collecting channels==1.1.8
  Downloading channels-1.1.8-py2.py3-none-any.whl (57 kB)
Collecting chardet==4.0.0
  Downloading chardet-4.0.0-py2.py3-none-any.whl (178 kB)
Collecting constantly==15.1.0
  Downloading constantly-15.1.0-py2.py3-none-any.whl (7.9 kB)
Collecting cryptography==3.4.7
  Downloading cryptography-3.4.7-cp36-abi3-macosx_10_10_x86_64.whl (2.0 MB)
Collecting daphne==1.4.2
  Downloading daphne-1.4.2-py2.py3-none-any.whl (38 kB)
Collecting Django==2.2.24
  Downloading Django-2.2.24-py3-none-any.whl (7.5 MB)
Collecting django-bootstrap3==15.0.0
  Using cached django_bootstrap3-15.0.0-py3-none-any.whl (213 kB)
Collecting gunicorn==20.1.0
  Downloading gunicorn-20.1.0-py3-none-any.whl (79 kB)
Collecting hyperlink==21.0.0
  Downloading hyperlink-21.0.0-py2.py3-none-any.whl (74 kB)
Collecting idna==2.10
  Downloading idna-2.10-py2.py3-none-any.whl (58 kB)
Collecting incremental==21.3.0
  Downloading incremental-21.3.0-py2.py3-none-any.whl (15 kB)
Collecting isort==5.8.0
  Downloading isort-5.8.0-py3-none-any.whl (103 kB)
Collecting lazy-object-proxy==1.6.0
  Downloading lazy-object-proxy-1.6.0.tar.gz (44 kB)
  Installing build dependencies: started
  Installing build dependencies: finished with status 'done'
  Getting requirements to build wheel: started
  Getting requirements to build wheel: finished with status 'done'
    Preparing wheel metadata: started
    Preparing wheel metadata: finished with status 'done'
Collecting mccabe==0.6.1
  Downloading mccabe-0.6.1-py2.py3-none-any.whl (8.6 kB)
Collecting msgpack-python==0.5.6
  Downloading msgpack-python-0.5.6.tar.gz (138 kB)
Collecting norminette==3.2.95
  Downloading norminette-3.2.95.tar.gz (38 kB)
Collecting Pillow==8.2.0
  Downloading Pillow-8.2.0-cp38-cp38-macosx_10_10_x86_64.whl (2.8 MB)
Collecting pycodestyle==2.7.0
  Downloading pycodestyle-2.7.0-py2.py3-none-any.whl (41 kB)
Collecting pycparser==2.20
  Downloading pycparser-2.20-py2.py3-none-any.whl (112 kB)
Collecting pylint==2.8.2
  Downloading pylint-2.8.2-py3-none-any.whl (357 kB)
Collecting pytz==2021.1
  Using cached pytz-2021.1-py2.py3-none-any.whl (510 kB)
Collecting redis==2.10.6
  Downloading redis-2.10.6-py2.py3-none-any.whl (64 kB)
Collecting requests==2.25.1
  Downloading requests-2.25.1-py2.py3-none-any.whl (61 kB)
Collecting six==1.16.0
  Downloading six-1.16.0-py2.py3-none-any.whl (11 kB)
Collecting soupsieve==2.2.1
  Using cached soupsieve-2.2.1-py3-none-any.whl (33 kB)
Collecting sqlparse==0.4.1
  Using cached sqlparse-0.4.1-py3-none-any.whl (42 kB)
Collecting toml==0.10.2
  Downloading toml-0.10.2-py2.py3-none-any.whl (16 kB)
Collecting Twisted==21.2.0
  Downloading Twisted-21.2.0-py3-none-any.whl (3.1 MB)
Collecting txaio==21.2.1
  Downloading txaio-21.2.1-py2.py3-none-any.whl (30 kB)
Collecting urllib3==1.26.5
  Downloading urllib3-1.26.5-py2.py3-none-any.whl (138 kB)
Collecting uWSGI==2.0.19.1
  Downloading uWSGI-2.0.19.1.tar.gz (803 kB)
Collecting wrapt==1.12.1
  Downloading wrapt-1.12.1.tar.gz (27 kB)
Collecting zope.interface==5.4.0
  Downloading zope.interface-5.4.0-cp38-cp38-macosx_10_14_x86_64.whl (208 kB)
Collecting setuptools>=3.0
  Using cached setuptools-57.0.0-py3-none-any.whl (821 kB)
Using legacy 'setup.py install' for bs4, since package 'wheel' is not installed.
Using legacy 'setup.py install' for msgpack-python, since package 'wheel' is not installed.
Using legacy 'setup.py install' for norminette, since package 'wheel' is not installed.
Using legacy 'setup.py install' for uWSGI, since package 'wheel' is not installed.
Using legacy 'setup.py install' for wrapt, since package 'wheel' is not installed.
Building wheels for collected packages: lazy-object-proxy
  Building wheel for lazy-object-proxy (PEP 517): started
  Building wheel for lazy-object-proxy (PEP 517): finished with status 'done'
  Created wheel for lazy-object-proxy: filename=lazy_object_proxy-1.6.0-cp38-cp38-macosx_10_14_x86_64.whl size=11383 sha256=6541bfd75961331a1cb09940b47b84f4b18bb02d804879be20b7df5d9a546956
  Stored in directory: /Users/spark/Library/Caches/pip/wheels/25/31/33/2d2448eb3f67feb67321b65057a2fc4404cd4a6d6392cb51fb
Successfully built lazy-object-proxy
Installing collected packages: pycparser, six, setuptools, idna, cffi, attrs, zope.interface, txaio, incremental, hyperlink, cryptography, constantly, Automat, wrapt, Twisted, sqlparse, soupsieve, pytz, lazy-object-proxy, autobahn, asgiref, urllib3, toml, redis, pycodestyle, msgpack-python, mccabe, isort, Django, daphne, chardet, certifi, beautifulsoup4, astroid, uWSGI, requests, pylint, Pillow, norminette, gunicorn, django-bootstrap3, channels, bs4, autopep8, asgi-redis
  Attempting uninstall: setuptools
    Found existing installation: setuptools 41.2.0
    Uninstalling setuptools-41.2.0:
      Successfully uninstalled setuptools-41.2.0
    Running setup.py install for wrapt: started
    Running setup.py install for wrapt: finished with status 'done'
    Running setup.py install for msgpack-python: started
    Running setup.py install for msgpack-python: finished with status 'done'
    Running setup.py install for uWSGI: started
    Running setup.py install for uWSGI: finished with status 'done'
    Running setup.py install for norminette: started
    Running setup.py install for norminette: finished with status 'done'
    Running setup.py install for bs4: started
    Running setup.py install for bs4: finished with status 'done'
Successfully installed Automat-20.2.0 Django-2.2.24 Pillow-8.2.0 Twisted-21.2.0 asgi-redis-1.4.3 asgiref-1.1.2 astroid-2.5.6 attrs-21.2.0 autobahn-21.3.1 autopep8-1.5.7 beautifulsoup4-4.9.3 bs4-0.0.1 certifi-2020.12.5 cffi-1.14.5 channels-1.1.8 chardet-4.0.0 constantly-15.1.0 cryptography-3.4.7 daphne-1.4.2 django-bootstrap3-15.0.0 gunicorn-20.1.0 hyperlink-21.0.0 idna-2.10 incremental-21.3.0 isort-5.8.0 lazy-object-proxy-1.6.0 mccabe-0.6.1 msgpack-python-0.5.6 norminette-3.2.95 pycodestyle-2.7.0 pycparser-2.20 pylint-2.8.2 pytz-2021.1 redis-2.10.6 requests-2.25.1 setuptools-57.0.0 six-1.16.0 soupsieve-2.2.1 sqlparse-0.4.1 toml-0.10.2 txaio-21.2.1 uWSGI-2.0.19.1 urllib3-1.26.5 wrapt-1.12.1 zope.interface-5.4.0
